{"level":30,"time":1677241409166,"pid":57905,"hostname":"ibm16.local","name":"hg-demo","msg":"transaction status is SUCCESS"}
{"level":30,"time":1677241409346,"pid":57905,"hostname":"ibm16.local","name":"hg-demo","msg":"transaction status is SUCCESS"}
{"level":30,"time":1677241409670,"pid":57905,"hostname":"ibm16.local","name":"hg-demo","msg":"transaction status is SUCCESS"}
{"level":30,"time":1677241409809,"pid":57905,"hostname":"ibm16.local","name":"hg-demo","msg":"transaction status is SUCCESS"}
{"level":30,"time":1677241409826,"pid":57905,"hostname":"ibm16.local","name":"hg-demo","msg":"transaction status is SUCCESS"}
{"level":30,"time":1677241410051,"pid":57905,"hostname":"ibm16.local","name":"hg-demo","msg":"the new account name is: account1"}
{"level":30,"time":1677241410051,"pid":57905,"hostname":"ibm16.local","name":"hg-demo","msg":"the new account ID is: 0.0.3563220"}
{"level":30,"time":1677241410051,"pid":57905,"hostname":"ibm16.local","name":"hg-demo","msg":"the new account private key is: faff5df34cbf192ab3fcb1ff804dc19ad106f40998f91df72bbaae3391205ffe"}
{"level":30,"time":1677241410052,"pid":57905,"hostname":"ibm16.local","name":"hg-demo","msg":"the new account public key is: 9eec3ef5f4a4f701b0e5b51f61b4e877c26a70e6372e85d7dbc9ecd12664338a"}
{"level":30,"time":1677241410052,"pid":57905,"hostname":"ibm16.local","name":"hg-demo","msg":"the new account balance is: 1000 ℏ\n"}
{"level":30,"time":1677241410225,"pid":57905,"hostname":"ibm16.local","name":"hg-demo","msg":"the new account name is: account2"}
{"level":30,"time":1677241410226,"pid":57905,"hostname":"ibm16.local","name":"hg-demo","msg":"the new account ID is: 0.0.3563219"}
{"level":30,"time":1677241410226,"pid":57905,"hostname":"ibm16.local","name":"hg-demo","msg":"the new account private key is: 62f806644bd616bc431113e2831c6709a59bf5c62ced5e5c65d4f470f2bb6e74"}
{"level":30,"time":1677241410226,"pid":57905,"hostname":"ibm16.local","name":"hg-demo","msg":"the new account public key is: a3117083cfc71c2b353c3aa244c0f7b73a8c82d5771dd217ab0442e816051f9a"}
{"level":30,"time":1677241410226,"pid":57905,"hostname":"ibm16.local","name":"hg-demo","msg":"the new account balance is: 1000 ℏ\n"}
{"level":30,"time":1677241410410,"pid":57905,"hostname":"ibm16.local","name":"hg-demo","msg":"the new account name is: account3"}
{"level":30,"time":1677241410410,"pid":57905,"hostname":"ibm16.local","name":"hg-demo","msg":"the new account ID is: 0.0.3563222"}
{"level":30,"time":1677241410411,"pid":57905,"hostname":"ibm16.local","name":"hg-demo","msg":"the new account private key is: be3822e5ef8de5f041c83980a67ef5d052a3d386b637b95cb80f675912726f48"}
{"level":30,"time":1677241410411,"pid":57905,"hostname":"ibm16.local","name":"hg-demo","msg":"the new account public key is: 60e12a995edf385830deebcbf855556e384a54893947c45bd305b3fef3a46d65"}
{"level":30,"time":1677241410411,"pid":57905,"hostname":"ibm16.local","name":"hg-demo","msg":"the new account balance is: 1000 ℏ\n"}
{"level":30,"time":1677241410905,"pid":57905,"hostname":"ibm16.local","name":"hg-demo","msg":"the new account name is: account4"}
{"level":30,"time":1677241410905,"pid":57905,"hostname":"ibm16.local","name":"hg-demo","msg":"the new account ID is: 0.0.3563221"}
{"level":30,"time":1677241410905,"pid":57905,"hostname":"ibm16.local","name":"hg-demo","msg":"the new account private key is: 3d2e7ab06fd90b69062bb4154e986d11016a3e9a51f7f9ebfba313dcfdcc5999"}
{"level":30,"time":1677241410906,"pid":57905,"hostname":"ibm16.local","name":"hg-demo","msg":"the new account public key is: f1ce323346590c687adafe324fa581a4339e60409a6dce3305be386dcdd7a4aa"}
{"level":30,"time":1677241410906,"pid":57905,"hostname":"ibm16.local","name":"hg-demo","msg":"the new account balance is: 1000 ℏ\n"}
{"level":30,"time":1677241411113,"pid":57905,"hostname":"ibm16.local","name":"hg-demo","msg":"the new account name is: account5"}
{"level":30,"time":1677241411113,"pid":57905,"hostname":"ibm16.local","name":"hg-demo","msg":"the new account ID is: 0.0.3563218"}
{"level":30,"time":1677241411113,"pid":57905,"hostname":"ibm16.local","name":"hg-demo","msg":"the new account private key is: 5eb5f3f5ba42e87bb1ecb130c751a062f9bc56ebfa855bc800247be0d957ffff"}
{"level":30,"time":1677241411114,"pid":57905,"hostname":"ibm16.local","name":"hg-demo","msg":"the new account public key is: a9e53c5fa193af1200411e7066ff62fa36fa5bee183d7e922f0261ee45411002"}
{"level":30,"time":1677241411114,"pid":57905,"hostname":"ibm16.local","name":"hg-demo","msg":"the new account balance is: 1000 ℏ\n"}
{"level":30,"time":1677241411114,"pid":57905,"hostname":"ibm16.local","name":"hg-demo","msg":"persisted account account1 to path: <project-root>/artifacts/account1.json"}
{"level":30,"time":1677241411115,"pid":57905,"hostname":"ibm16.local","name":"hg-demo","msg":"persisted account account2 to path: <project-root>/artifacts/account2.json"}
{"level":30,"time":1677241411115,"pid":57905,"hostname":"ibm16.local","name":"hg-demo","msg":"persisted account account3 to path: <project-root>/artifacts/account3.json"}
{"level":30,"time":1677241411115,"pid":57905,"hostname":"ibm16.local","name":"hg-demo","msg":"persisted account account4 to path: <project-root>/artifacts/account4.json"}
{"level":30,"time":1677241411115,"pid":57905,"hostname":"ibm16.local","name":"hg-demo","msg":"persisted account account5 to path: <project-root>/artifacts/account5.json"}
{"level":30,"time":1677241411116,"pid":57905,"hostname":"ibm16.local","name":"hg-demo","msg":"done..."}
{"level":30,"time":1677241747006,"pid":58287,"hostname":"ibm16.local","name":"hg-demo","msg":"transaction status is SUCCESS"}
{"level":30,"time":1677241747009,"pid":58287,"hostname":"ibm16.local","name":"hg-demo","msg":"the new token ID is 0.0.3563385"}
{"level":30,"time":1677241747460,"pid":58287,"hostname":"ibm16.local","name":"hg-demo","msg":"the balance of the user 0.0.3563220 is: 350"}
{"level":30,"time":1677241747460,"pid":58287,"hostname":"ibm16.local","name":"hg-demo","msg":"done..."}
{"level":30,"time":1677242990236,"pid":58830,"hostname":"ibm16.local","name":"hg-demo","msg":"transaction status is SUCCESS"}
{"level":30,"time":1677242990239,"pid":58830,"hostname":"ibm16.local","name":"hg-demo","msg":"token 0.0.3563385 associated with the user 0.0.3563222 account"}
{"level":30,"time":1677242992217,"pid":58830,"hostname":"ibm16.local","name":"hg-demo","msg":"transaction status is SUCCESS"}
{"level":30,"time":1677242992557,"pid":58830,"hostname":"ibm16.local","name":"hg-demo","msg":"the account balance for sender 0.0.3563220 is 1000 ℏ"}
{"level":30,"time":1677242992558,"pid":58830,"hostname":"ibm16.local","name":"hg-demo","msg":"the token balance for sender 0.0.3563220 is: 325"}
{"level":30,"time":1677242992731,"pid":58830,"hostname":"ibm16.local","name":"hg-demo","msg":"the account balance for reciever 0.0.3563222 is 1000 ℏ"}
{"level":30,"time":1677242992731,"pid":58830,"hostname":"ibm16.local","name":"hg-demo","msg":"the token balance for reciever 0.0.3563222 is: 25"}
{"level":30,"time":1677242992731,"pid":58830,"hostname":"ibm16.local","name":"hg-demo","msg":"done..."}
{"level":30,"time":1677243024617,"pid":58875,"hostname":"ibm16.local","name":"hg-demo","msg":"transaction status is SUCCESS"}
{"level":30,"time":1677243024620,"pid":58875,"hostname":"ibm16.local","name":"hg-demo","msg":"token 0.0.3563385 associated with the user 0.0.3563221 account"}
{"level":30,"time":1677243026077,"pid":58875,"hostname":"ibm16.local","name":"hg-demo","msg":"transaction status is SUCCESS"}
{"level":30,"time":1677243026479,"pid":58875,"hostname":"ibm16.local","name":"hg-demo","msg":"the account balance for sender 0.0.3563220 is 1000 ℏ"}
{"level":30,"time":1677243026480,"pid":58875,"hostname":"ibm16.local","name":"hg-demo","msg":"the token balance for sender 0.0.3563220 is: 300"}
{"level":30,"time":1677243026664,"pid":58875,"hostname":"ibm16.local","name":"hg-demo","msg":"the account balance for reciever 0.0.3563221 is 1000 ℏ"}
{"level":30,"time":1677243026664,"pid":58875,"hostname":"ibm16.local","name":"hg-demo","msg":"the token balance for reciever 0.0.3563221 is: 25"}
{"level":30,"time":1677243026665,"pid":58875,"hostname":"ibm16.local","name":"hg-demo","msg":"done..."}
{"level":30,"time":1677243721222,"pid":59280,"hostname":"ibm16.local","name":"hg-demo","msg":"the token 0.0.3563385 pause key is: null"}
{"level":30,"time":1677243721226,"pid":59280,"hostname":"ibm16.local","name":"hg-demo","msg":"done..."}
{"level":30,"time":1677244193135,"pid":59507,"hostname":"ibm16.local","name":"hg-demo","msg":"transaction status is SUCCESS"}
{"level":30,"time":1677244193138,"pid":59507,"hostname":"ibm16.local","name":"hg-demo","msg":"the new token ID is 0.0.3564599"}
{"level":30,"time":1677244193580,"pid":59507,"hostname":"ibm16.local","name":"hg-demo","msg":"the balance of the user 0.0.3563220 is: 350"}
{"level":30,"time":1677244193580,"pid":59507,"hostname":"ibm16.local","name":"hg-demo","msg":"done..."}
{"level":30,"time":1677244222437,"pid":59555,"hostname":"ibm16.local","name":"hg-demo","msg":"transaction status is SUCCESS"}
{"level":30,"time":1677244222440,"pid":59555,"hostname":"ibm16.local","name":"hg-demo","msg":"token 0.0.3564599 associated with the user 0.0.3563222 account"}
{"level":30,"time":1677244224054,"pid":59555,"hostname":"ibm16.local","name":"hg-demo","msg":"transaction status is SUCCESS"}
{"level":30,"time":1677244224396,"pid":59555,"hostname":"ibm16.local","name":"hg-demo","msg":"the account balance for sender 0.0.3563220 is 1000 ℏ"}
{"level":30,"time":1677244224396,"pid":59555,"hostname":"ibm16.local","name":"hg-demo","msg":"the token balance for sender 0.0.3563220 is: 325"}
{"level":30,"time":1677244224845,"pid":59555,"hostname":"ibm16.local","name":"hg-demo","msg":"the account balance for reciever 0.0.3563222 is 1000 ℏ"}
{"level":30,"time":1677244224846,"pid":59555,"hostname":"ibm16.local","name":"hg-demo","msg":"the token balance for reciever 0.0.3563222 is: 25"}
{"level":30,"time":1677244226133,"pid":59555,"hostname":"ibm16.local","name":"hg-demo","msg":"transaction status is SUCCESS"}
{"level":30,"time":1677244226133,"pid":59555,"hostname":"ibm16.local","name":"hg-demo","msg":"token 0.0.3564599 associated with the user 0.0.3563221 account"}
{"level":30,"time":1677244227907,"pid":59555,"hostname":"ibm16.local","name":"hg-demo","msg":"transaction status is SUCCESS"}
{"level":30,"time":1677244228109,"pid":59555,"hostname":"ibm16.local","name":"hg-demo","msg":"the account balance for sender 0.0.3563220 is 1000 ℏ"}
{"level":30,"time":1677244228109,"pid":59555,"hostname":"ibm16.local","name":"hg-demo","msg":"the token balance for sender 0.0.3563220 is: 300"}
{"level":30,"time":1677244228328,"pid":59555,"hostname":"ibm16.local","name":"hg-demo","msg":"the account balance for reciever 0.0.3563221 is 1000 ℏ"}
{"level":30,"time":1677244228328,"pid":59555,"hostname":"ibm16.local","name":"hg-demo","msg":"the token balance for reciever 0.0.3563221 is: 25"}
{"level":30,"time":1677244228328,"pid":59555,"hostname":"ibm16.local","name":"hg-demo","msg":"done..."}
{"level":30,"time":1677245021346,"pid":60079,"hostname":"ibm16.local","name":"hg-demo","msg":"transaction status is SUCCESS"}
{"level":30,"time":1677245022153,"pid":60079,"hostname":"ibm16.local","name":"hg-demo","msg":"the token 0.0.3564599 has the pause status: paused"}
{"level":50,"time":1677245023599,"pid":60079,"hostname":"ibm16.local","name":"hg-demo","err":{"type":"ReceiptStatusError","message":"receipt for transaction 0.0.3542860@1677245012.175387114 contained error status TOKEN_IS_PAUSED","stack":"StatusError: receipt for transaction 0.0.3542860@1677245012.175387114 contained error status TOKEN_IS_PAUSED\n    at new ReceiptStatusError (/Users/stanislavjakuschevskij/Dev/_/edu/blockchain/hedera-hashgraph/chhd-exam/node_modules/@hashgraph/sdk/lib/ReceiptStatusError.cjs:43:5)\n    at TransactionReceiptQuery._mapStatusError (/Users/stanislavjakuschevskij/Dev/_/edu/blockchain/hedera-hashgraph/chhd-exam/node_modules/@hashgraph/sdk/lib/transaction/TransactionReceiptQuery.cjs:273:12)\n    at TransactionReceiptQuery.execute (/Users/stanislavjakuschevskij/Dev/_/edu/blockchain/hedera-hashgraph/chhd-exam/node_modules/@hashgraph/sdk/lib/Executable.cjs:644:22)\n    at processTicksAndRejections (node:internal/process/task_queues:95:5)\n    at async TransactionResponse.getReceipt (/Users/stanislavjakuschevskij/Dev/_/edu/blockchain/hedera-hashgraph/chhd-exam/node_modules/@hashgraph/sdk/lib/transaction/TransactionResponse.cjs:88:21)\n    at async Function._TokenUseCase_transfer (/Users/stanislavjakuschevskij/Dev/_/edu/blockchain/hedera-hashgraph/chhd-exam/src/use-cases/token.use.cases.ts:176:21)\n    at async Function.pauseTokenAndFailTransfer (/Users/stanislavjakuschevskij/Dev/_/edu/blockchain/hedera-hashgraph/chhd-exam/src/use-cases/token.use.cases.ts:229:7)","name":"StatusError","status":{"_code":265},"transactionId":{"accountId":{"shard":{"low":0,"high":0,"unsigned":false},"realm":{"low":0,"high":0,"unsigned":false},"num":{"low":3542860,"high":0,"unsigned":false},"aliasKey":null,"aliasEvmAddress":null,"_checksum":null},"validStart":{"seconds":{"low":1677245012,"high":0,"unsigned":false},"nanos":{"low":175387114,"high":0,"unsigned":false}},"scheduled":false,"nonce":null},"transactionReceipt":{"status":{"_code":265},"accountId":null,"fileId":null,"contractId":null,"topicId":null,"tokenId":null,"scheduleId":null,"exchangeRate":{"hbars":30000,"cents":243063,"expirationTime":"2023-02-24T14:00:00.000Z","exchangeRateInCents":8.1021},"topicSequenceNumber":{"low":0,"high":0,"unsigned":false},"topicRunningHash":{},"totalSupply":{"low":0,"high":0,"unsigned":false},"scheduledTransactionId":null,"serials":[],"duplicates":[],"children":[]}},"msg":"transfer to acc 0.0.3563222 failed, the token is in pause status: paused"}
{"level":30,"time":1677245023602,"pid":60079,"hostname":"ibm16.local","name":"hg-demo","msg":"done..."}
{"level":30,"time":1677245373810,"pid":60291,"hostname":"ibm16.local","name":"hg-demo","msg":"transaction status is SUCCESS"}
{"level":30,"time":1677245375702,"pid":60291,"hostname":"ibm16.local","name":"hg-demo","msg":"transaction status is SUCCESS"}
{"level":30,"time":1677245376475,"pid":60291,"hostname":"ibm16.local","name":"hg-demo","msg":"the token 0.0.3564599 has the pause status: not paused"}
{"level":30,"time":1677245376846,"pid":60291,"hostname":"ibm16.local","name":"hg-demo","msg":"the account balance for sender 0.0.3563220 is 1000 ℏ"}
{"level":30,"time":1677245376847,"pid":60291,"hostname":"ibm16.local","name":"hg-demo","msg":"the token balance for sender 0.0.3563220 is: 299"}
{"level":30,"time":1677245377193,"pid":60291,"hostname":"ibm16.local","name":"hg-demo","msg":"the account balance for reciever 0.0.3563222 is 1000 ℏ"}
{"level":30,"time":1677245377194,"pid":60291,"hostname":"ibm16.local","name":"hg-demo","msg":"the token balance for reciever 0.0.3563222 is: 26"}
{"level":30,"time":1677245377194,"pid":60291,"hostname":"ibm16.local","name":"hg-demo","msg":"done..."}
{"level":30,"time":1677246176717,"pid":60767,"hostname":"ibm16.local","name":"hg-demo","msg":"transaction status is SUCCESS"}
{"level":30,"time":1677246176720,"pid":60767,"hostname":"ibm16.local","name":"hg-demo","msg":"your topic ID is: 0.0.3565568"}
{"level":30,"time":1677246176721,"pid":60767,"hostname":"ibm16.local","name":"hg-demo","msg":"done..."}
{"level":30,"time":1677246222079,"pid":60820,"hostname":"ibm16.local","name":"hg-demo","msg":"transaction status is SUCCESS"}
{"level":30,"time":1677246222082,"pid":60820,"hostname":"ibm16.local","name":"hg-demo","msg":"done..."}
{"level":30,"time":1677247273141,"pid":61412,"hostname":"ibm16.local","name":"hg-demo","msg":"transaction status is SUCCESS"}
{"level":30,"time":1677247273144,"pid":61412,"hostname":"ibm16.local","name":"hg-demo","msg":"the schedule ID is 0.0.3566096"}
{"level":30,"time":1677247273883,"pid":61412,"hostname":"ibm16.local","name":"hg-demo","msg":"persisted schedule tx 0.0.3566096 as base64 to file system on path: <project-root>/artifacts/scheduled_tx"}
{"level":30,"time":1677247273884,"pid":61412,"hostname":"ibm16.local","name":"hg-demo","msg":"done..."}
{"level":50,"time":1677248747688,"pid":62618,"hostname":"ibm16.local","name":"hg-demo","err":{"type":"ReceiptStatusError","message":"receipt for transaction 0.0.3542860@1677248737.378981200 contained error status IDENTICAL_SCHEDULE_ALREADY_CREATED","stack":"StatusError: receipt for transaction 0.0.3542860@1677248737.378981200 contained error status IDENTICAL_SCHEDULE_ALREADY_CREATED\n    at new ReceiptStatusError (/Users/stanislavjakuschevskij/Dev/_/edu/blockchain/hedera-hashgraph/chhd-exam/node_modules/@hashgraph/sdk/lib/ReceiptStatusError.cjs:43:5)\n    at TransactionReceiptQuery._mapStatusError (/Users/stanislavjakuschevskij/Dev/_/edu/blockchain/hedera-hashgraph/chhd-exam/node_modules/@hashgraph/sdk/lib/transaction/TransactionReceiptQuery.cjs:273:12)\n    at TransactionReceiptQuery.execute (/Users/stanislavjakuschevskij/Dev/_/edu/blockchain/hedera-hashgraph/chhd-exam/node_modules/@hashgraph/sdk/lib/Executable.cjs:644:22)\n    at processTicksAndRejections (node:internal/process/task_queues:95:5)\n    at async TransactionResponse.getReceipt (/Users/stanislavjakuschevskij/Dev/_/edu/blockchain/hedera-hashgraph/chhd-exam/node_modules/@hashgraph/sdk/lib/transaction/TransactionResponse.cjs:88:21)\n    at async Function.scheduleTxAndExportAsBase64 (/Users/stanislavjakuschevskij/Dev/_/edu/blockchain/hedera-hashgraph/chhd-exam/src/use-cases/scheduled.use.cases.ts:28:21)","name":"StatusError","status":{"_code":210},"transactionId":{"accountId":{"shard":{"low":0,"high":0,"unsigned":false},"realm":{"low":0,"high":0,"unsigned":false},"num":{"low":3542860,"high":0,"unsigned":false},"aliasKey":null,"aliasEvmAddress":null,"_checksum":null},"validStart":{"seconds":{"low":1677248737,"high":0,"unsigned":false},"nanos":{"low":378981200,"high":0,"unsigned":false}},"scheduled":false,"nonce":null},"transactionReceipt":{"status":{"_code":210},"accountId":null,"fileId":null,"contractId":null,"topicId":null,"tokenId":null,"scheduleId":{"shard":{"low":0,"high":0,"unsigned":false},"realm":{"low":0,"high":0,"unsigned":false},"num":{"low":3566096,"high":0,"unsigned":false},"_checksum":null},"exchangeRate":{"hbars":30000,"cents":242176,"expirationTime":"2023-02-24T15:00:00.000Z","exchangeRateInCents":8.072533333333332},"topicSequenceNumber":{"low":0,"high":0,"unsigned":false},"topicRunningHash":{},"totalSupply":{"low":0,"high":0,"unsigned":false},"scheduledTransactionId":{"accountId":{"shard":{"low":0,"high":0,"unsigned":false},"realm":{"low":0,"high":0,"unsigned":false},"num":{"low":3542860,"high":0,"unsigned":false},"aliasKey":null,"aliasEvmAddress":null,"_checksum":null},"validStart":{"seconds":{"low":1677247261,"high":0,"unsigned":false},"nanos":{"low":240261391,"high":0,"unsigned":false}},"scheduled":true,"nonce":null},"serials":[],"duplicates":[],"children":[]}},"msg":"receipt for transaction 0.0.3542860@1677248737.378981200 contained error status IDENTICAL_SCHEDULE_ALREADY_CREATED"}
{"level":50,"time":1677249184262,"pid":62944,"hostname":"ibm16.local","name":"hg-demo","err":{"type":"ReceiptStatusError","message":"receipt for transaction 0.0.3542860@1677249173.217688859 contained error status INVALID_SCHEDULE_ID","stack":"StatusError: receipt for transaction 0.0.3542860@1677249173.217688859 contained error status INVALID_SCHEDULE_ID\n    at new ReceiptStatusError (/Users/stanislavjakuschevskij/Dev/_/edu/blockchain/hedera-hashgraph/chhd-exam/node_modules/@hashgraph/sdk/lib/ReceiptStatusError.cjs:43:5)\n    at TransactionReceiptQuery._mapStatusError (/Users/stanislavjakuschevskij/Dev/_/edu/blockchain/hedera-hashgraph/chhd-exam/node_modules/@hashgraph/sdk/lib/transaction/TransactionReceiptQuery.cjs:273:12)\n    at TransactionReceiptQuery.execute (/Users/stanislavjakuschevskij/Dev/_/edu/blockchain/hedera-hashgraph/chhd-exam/node_modules/@hashgraph/sdk/lib/Executable.cjs:644:22)\n    at processTicksAndRejections (node:internal/process/task_queues:95:5)\n    at async TransactionResponse.getReceipt (/Users/stanislavjakuschevskij/Dev/_/edu/blockchain/hedera-hashgraph/chhd-exam/node_modules/@hashgraph/sdk/lib/transaction/TransactionResponse.cjs:88:21)\n    at async Function.deleteTx (/Users/stanislavjakuschevskij/Dev/_/edu/blockchain/hedera-hashgraph/chhd-exam/src/use-cases/scheduled.use.cases.ts:57:21)","name":"StatusError","status":{"_code":201},"transactionId":{"accountId":{"shard":{"low":0,"high":0,"unsigned":false},"realm":{"low":0,"high":0,"unsigned":false},"num":{"low":3542860,"high":0,"unsigned":false},"aliasKey":null,"aliasEvmAddress":null,"_checksum":null},"validStart":{"seconds":{"low":1677249173,"high":0,"unsigned":false},"nanos":{"low":217688859,"high":0,"unsigned":false}},"scheduled":false,"nonce":null},"transactionReceipt":{"status":{"_code":201},"accountId":null,"fileId":null,"contractId":null,"topicId":null,"tokenId":null,"scheduleId":null,"exchangeRate":{"hbars":30000,"cents":242176,"expirationTime":"2023-02-24T15:00:00.000Z","exchangeRateInCents":8.072533333333332},"topicSequenceNumber":{"low":0,"high":0,"unsigned":false},"topicRunningHash":{},"totalSupply":{"low":0,"high":0,"unsigned":false},"scheduledTransactionId":null,"serials":[],"duplicates":[],"children":[]}},"msg":"receipt for transaction 0.0.3542860@1677249173.217688859 contained error status INVALID_SCHEDULE_ID"}
{"level":50,"time":1677249257573,"pid":62988,"hostname":"ibm16.local","name":"hg-demo","err":{"type":"ReceiptStatusError","message":"receipt for transaction 0.0.3542860@1677249244.357894257 contained error status INVALID_SCHEDULE_ID","stack":"StatusError: receipt for transaction 0.0.3542860@1677249244.357894257 contained error status INVALID_SCHEDULE_ID\n    at new ReceiptStatusError (/Users/stanislavjakuschevskij/Dev/_/edu/blockchain/hedera-hashgraph/chhd-exam/node_modules/@hashgraph/sdk/lib/ReceiptStatusError.cjs:43:5)\n    at TransactionReceiptQuery._mapStatusError (/Users/stanislavjakuschevskij/Dev/_/edu/blockchain/hedera-hashgraph/chhd-exam/node_modules/@hashgraph/sdk/lib/transaction/TransactionReceiptQuery.cjs:273:12)\n    at TransactionReceiptQuery.execute (/Users/stanislavjakuschevskij/Dev/_/edu/blockchain/hedera-hashgraph/chhd-exam/node_modules/@hashgraph/sdk/lib/Executable.cjs:644:22)\n    at processTicksAndRejections (node:internal/process/task_queues:95:5)\n    at async TransactionResponse.getReceipt (/Users/stanislavjakuschevskij/Dev/_/edu/blockchain/hedera-hashgraph/chhd-exam/node_modules/@hashgraph/sdk/lib/transaction/TransactionResponse.cjs:88:21)\n    at async Function.deleteTx (/Users/stanislavjakuschevskij/Dev/_/edu/blockchain/hedera-hashgraph/chhd-exam/src/use-cases/scheduled.use.cases.ts:57:21)","name":"StatusError","status":{"_code":201},"transactionId":{"accountId":{"shard":{"low":0,"high":0,"unsigned":false},"realm":{"low":0,"high":0,"unsigned":false},"num":{"low":3542860,"high":0,"unsigned":false},"aliasKey":null,"aliasEvmAddress":null,"_checksum":null},"validStart":{"seconds":{"low":1677249244,"high":0,"unsigned":false},"nanos":{"low":357894257,"high":0,"unsigned":false}},"scheduled":false,"nonce":null},"transactionReceipt":{"status":{"_code":201},"accountId":null,"fileId":null,"contractId":null,"topicId":null,"tokenId":null,"scheduleId":null,"exchangeRate":{"hbars":30000,"cents":242176,"expirationTime":"2023-02-24T15:00:00.000Z","exchangeRateInCents":8.072533333333332},"topicSequenceNumber":{"low":0,"high":0,"unsigned":false},"topicRunningHash":{},"totalSupply":{"low":0,"high":0,"unsigned":false},"scheduledTransactionId":null,"serials":[],"duplicates":[],"children":[]}},"msg":"receipt for transaction 0.0.3542860@1677249244.357894257 contained error status INVALID_SCHEDULE_ID"}
{"level":30,"time":1677249369947,"pid":63082,"hostname":"ibm16.local","name":"hg-demo","msg":"transaction status is SUCCESS"}
{"level":30,"time":1677249369950,"pid":63082,"hostname":"ibm16.local","name":"hg-demo","msg":"the schedule ID is 0.0.3566878"}
{"level":30,"time":1677249369951,"pid":63082,"hostname":"ibm16.local","name":"hg-demo","msg":"persisted schedule tx as base64 to file system on path: <project-root>/artifacts/scheduled_tx"}
{"level":30,"time":1677249369952,"pid":63082,"hostname":"ibm16.local","name":"hg-demo","msg":"done..."}
{"level":30,"time":1677249958847,"pid":63539,"hostname":"ibm16.local","name":"hg-demo","msg":"transaction status is SUCCESS"}
{"level":30,"time":1677249958850,"pid":63539,"hostname":"ibm16.local","name":"hg-demo","msg":"done..."}
{"level":30,"time":1677250113191,"pid":63748,"hostname":"ibm16.local","name":"hg-demo","msg":"transaction status is SUCCESS"}
{"level":30,"time":1677250113194,"pid":63748,"hostname":"ibm16.local","name":"hg-demo","msg":"your contract ID is: 0.0.3566990"}
{"level":30,"time":1677250113195,"pid":63748,"hostname":"ibm16.local","name":"hg-demo","msg":"done..."}
{"level":30,"time":1677250251564,"pid":63854,"hostname":"ibm16.local","name":"hg-demo","msg":"transaction status is SUCCESS"}
{"level":30,"time":1677250252481,"pid":63854,"hostname":"ibm16.local","name":"hg-demo","msg":"the result of function1 is: 42"}
{"level":30,"time":1677250252482,"pid":63854,"hostname":"ibm16.local","name":"hg-demo","msg":"done..."}
{"level":30,"time":1677250592231,"pid":64060,"hostname":"ibm16.local","name":"hg-demo","msg":"transaction status is SUCCESS"}
{"level":30,"time":1677250593094,"pid":64060,"hostname":"ibm16.local","name":"hg-demo","msg":"the result of function2 is: 44"}
{"level":30,"time":1677250593095,"pid":64060,"hostname":"ibm16.local","name":"hg-demo","msg":"done..."}
{"level":30,"time":1677250960900,"pid":64463,"hostname":"ibm16.local","name":"hg-demo","msg":"transaction status is SUCCESS"}
{"level":30,"time":1677250960903,"pid":64463,"hostname":"ibm16.local","name":"hg-demo","msg":"done..."}
{"level":30,"time":1677251340486,"pid":64649,"hostname":"ibm16.local","name":"hg-demo","msg":"the account balance for sender 0.0.3563220 is 989.87188971 ℏ"}
{"level":30,"time":1677251340780,"pid":64649,"hostname":"ibm16.local","name":"hg-demo","msg":"the account balance for reciever 0.0.3563220 is 989.87188971 ℏ"}
{"level":30,"time":1677251341210,"pid":64649,"hostname":"ibm16.local","name":"hg-demo","msg":"the account balance for sender 0.0.3563220 is 989.87188971 ℏ"}
{"level":30,"time":1677251341579,"pid":64649,"hostname":"ibm16.local","name":"hg-demo","msg":"the account balance for reciever 0.0.3563222 is 1000 ℏ"}
{"level":50,"time":1677251343115,"pid":64649,"hostname":"ibm16.local","name":"hg-demo","err":{"type":"ReceiptStatusError","message":"receipt for transaction 0.0.3542860@1677251332.606161632 contained error status INVALID_SIGNATURE","stack":"StatusError: receipt for transaction 0.0.3542860@1677251332.606161632 contained error status INVALID_SIGNATURE\n    at new ReceiptStatusError (/Users/stanislavjakuschevskij/Dev/_/edu/blockchain/hedera-hashgraph/chhd-exam/node_modules/@hashgraph/sdk/lib/ReceiptStatusError.cjs:43:5)\n    at TransactionReceiptQuery._mapStatusError (/Users/stanislavjakuschevskij/Dev/_/edu/blockchain/hedera-hashgraph/chhd-exam/node_modules/@hashgraph/sdk/lib/transaction/TransactionReceiptQuery.cjs:273:12)\n    at TransactionReceiptQuery.execute (/Users/stanislavjakuschevskij/Dev/_/edu/blockchain/hedera-hashgraph/chhd-exam/node_modules/@hashgraph/sdk/lib/Executable.cjs:644:22)\n    at processTicksAndRejections (node:internal/process/task_queues:95:5)\n    at async TransactionResponse.getReceipt (/Users/stanislavjakuschevskij/Dev/_/edu/blockchain/hedera-hashgraph/chhd-exam/node_modules/@hashgraph/sdk/lib/transaction/TransactionResponse.cjs:88:21)\n    at async Function.transfer20HbarToAcc3 (/Users/stanislavjakuschevskij/Dev/_/edu/blockchain/hedera-hashgraph/chhd-exam/src/use-cases/multi.sig.use.cases.ts:43:21)","name":"StatusError","status":{"_code":7},"transactionId":{"accountId":{"shard":{"low":0,"high":0,"unsigned":false},"realm":{"low":0,"high":0,"unsigned":false},"num":{"low":3542860,"high":0,"unsigned":false},"aliasKey":null,"aliasEvmAddress":null,"_checksum":null},"validStart":{"seconds":{"low":1677251332,"high":0,"unsigned":false},"nanos":{"low":606161632,"high":0,"unsigned":false}},"scheduled":false,"nonce":null},"transactionReceipt":{"status":{"_code":7},"accountId":null,"fileId":null,"contractId":null,"topicId":null,"tokenId":null,"scheduleId":null,"exchangeRate":{"hbars":30000,"cents":237732,"expirationTime":"2023-02-24T16:00:00.000Z","exchangeRateInCents":7.9244},"topicSequenceNumber":{"low":0,"high":0,"unsigned":false},"topicRunningHash":{},"totalSupply":{"low":0,"high":0,"unsigned":false},"scheduledTransactionId":null,"serials":[],"duplicates":[],"children":[]}},"msg":"receipt for transaction 0.0.3542860@1677251332.606161632 contained error status INVALID_SIGNATURE"}
{"level":30,"time":1677251601706,"pid":64752,"hostname":"ibm16.local","name":"hg-demo","msg":"the account balance for sender 0.0.3563220 is 989.87188971 ℏ"}
{"level":30,"time":1677251602010,"pid":64752,"hostname":"ibm16.local","name":"hg-demo","msg":"the account balance for reciever 0.0.3563220 is 989.87188971 ℏ"}
{"level":30,"time":1677251602350,"pid":64752,"hostname":"ibm16.local","name":"hg-demo","msg":"the account balance for sender 0.0.3563220 is 989.87188971 ℏ"}
{"level":30,"time":1677251602771,"pid":64752,"hostname":"ibm16.local","name":"hg-demo","msg":"the account balance for reciever 0.0.3563222 is 1000 ℏ"}
{"level":50,"time":1677251604220,"pid":64752,"hostname":"ibm16.local","name":"hg-demo","err":{"type":"ReceiptStatusError","message":"receipt for transaction 0.0.3542860@1677251593.933042459 contained error status SPENDER_DOES_NOT_HAVE_ALLOWANCE","stack":"StatusError: receipt for transaction 0.0.3542860@1677251593.933042459 contained error status SPENDER_DOES_NOT_HAVE_ALLOWANCE\n    at new ReceiptStatusError (/Users/stanislavjakuschevskij/Dev/_/edu/blockchain/hedera-hashgraph/chhd-exam/node_modules/@hashgraph/sdk/lib/ReceiptStatusError.cjs:43:5)\n    at TransactionReceiptQuery._mapStatusError (/Users/stanislavjakuschevskij/Dev/_/edu/blockchain/hedera-hashgraph/chhd-exam/node_modules/@hashgraph/sdk/lib/transaction/TransactionReceiptQuery.cjs:273:12)\n    at TransactionReceiptQuery.execute (/Users/stanislavjakuschevskij/Dev/_/edu/blockchain/hedera-hashgraph/chhd-exam/node_modules/@hashgraph/sdk/lib/Executable.cjs:644:22)\n    at processTicksAndRejections (node:internal/process/task_queues:95:5)\n    at async TransactionResponse.getReceipt (/Users/stanislavjakuschevskij/Dev/_/edu/blockchain/hedera-hashgraph/chhd-exam/node_modules/@hashgraph/sdk/lib/transaction/TransactionResponse.cjs:88:21)\n    at async Function.transfer20HbarToAcc3 (/Users/stanislavjakuschevskij/Dev/_/edu/blockchain/hedera-hashgraph/chhd-exam/src/use-cases/multi.sig.use.cases.ts:43:21)","name":"StatusError","status":{"_code":292},"transactionId":{"accountId":{"shard":{"low":0,"high":0,"unsigned":false},"realm":{"low":0,"high":0,"unsigned":false},"num":{"low":3542860,"high":0,"unsigned":false},"aliasKey":null,"aliasEvmAddress":null,"_checksum":null},"validStart":{"seconds":{"low":1677251593,"high":0,"unsigned":false},"nanos":{"low":933042459,"high":0,"unsigned":false}},"scheduled":false,"nonce":null},"transactionReceipt":{"status":{"_code":292},"accountId":null,"fileId":null,"contractId":null,"topicId":null,"tokenId":null,"scheduleId":null,"exchangeRate":{"hbars":30000,"cents":237732,"expirationTime":"2023-02-24T16:00:00.000Z","exchangeRateInCents":7.9244},"topicSequenceNumber":{"low":0,"high":0,"unsigned":false},"topicRunningHash":{},"totalSupply":{"low":0,"high":0,"unsigned":false},"scheduledTransactionId":null,"serials":[],"duplicates":[],"children":[]}},"msg":"receipt for transaction 0.0.3542860@1677251593.933042459 contained error status SPENDER_DOES_NOT_HAVE_ALLOWANCE"}
{"level":30,"time":1677251708625,"pid":64813,"hostname":"ibm16.local","name":"hg-demo","msg":"the account balance for sender 0.0.3563220 is 989.87188971 ℏ"}
{"level":30,"time":1677251708803,"pid":64813,"hostname":"ibm16.local","name":"hg-demo","msg":"the account balance for reciever 0.0.3563220 is 989.87188971 ℏ"}
{"level":30,"time":1677251709224,"pid":64813,"hostname":"ibm16.local","name":"hg-demo","msg":"the account balance for sender 0.0.3563220 is 989.87188971 ℏ"}
{"level":30,"time":1677251709633,"pid":64813,"hostname":"ibm16.local","name":"hg-demo","msg":"the account balance for reciever 0.0.3563222 is 1000 ℏ"}
{"level":50,"time":1677251711562,"pid":64813,"hostname":"ibm16.local","name":"hg-demo","err":{"type":"ReceiptStatusError","message":"receipt for transaction 0.0.3542860@1677251698.837757692 contained error status SPENDER_DOES_NOT_HAVE_ALLOWANCE","stack":"StatusError: receipt for transaction 0.0.3542860@1677251698.837757692 contained error status SPENDER_DOES_NOT_HAVE_ALLOWANCE\n    at new ReceiptStatusError (/Users/stanislavjakuschevskij/Dev/_/edu/blockchain/hedera-hashgraph/chhd-exam/node_modules/@hashgraph/sdk/lib/ReceiptStatusError.cjs:43:5)\n    at TransactionReceiptQuery._mapStatusError (/Users/stanislavjakuschevskij/Dev/_/edu/blockchain/hedera-hashgraph/chhd-exam/node_modules/@hashgraph/sdk/lib/transaction/TransactionReceiptQuery.cjs:273:12)\n    at TransactionReceiptQuery.execute (/Users/stanislavjakuschevskij/Dev/_/edu/blockchain/hedera-hashgraph/chhd-exam/node_modules/@hashgraph/sdk/lib/Executable.cjs:644:22)\n    at processTicksAndRejections (node:internal/process/task_queues:95:5)\n    at async TransactionResponse.getReceipt (/Users/stanislavjakuschevskij/Dev/_/edu/blockchain/hedera-hashgraph/chhd-exam/node_modules/@hashgraph/sdk/lib/transaction/TransactionResponse.cjs:88:21)\n    at async Function.transfer20HbarToAcc3 (/Users/stanislavjakuschevskij/Dev/_/edu/blockchain/hedera-hashgraph/chhd-exam/src/use-cases/multi.sig.use.cases.ts:43:21)","name":"StatusError","status":{"_code":292},"transactionId":{"accountId":{"shard":{"low":0,"high":0,"unsigned":false},"realm":{"low":0,"high":0,"unsigned":false},"num":{"low":3542860,"high":0,"unsigned":false},"aliasKey":null,"aliasEvmAddress":null,"_checksum":null},"validStart":{"seconds":{"low":1677251698,"high":0,"unsigned":false},"nanos":{"low":837757692,"high":0,"unsigned":false}},"scheduled":false,"nonce":null},"transactionReceipt":{"status":{"_code":292},"accountId":null,"fileId":null,"contractId":null,"topicId":null,"tokenId":null,"scheduleId":null,"exchangeRate":{"hbars":30000,"cents":237732,"expirationTime":"2023-02-24T16:00:00.000Z","exchangeRateInCents":7.9244},"topicSequenceNumber":{"low":0,"high":0,"unsigned":false},"topicRunningHash":{},"totalSupply":{"low":0,"high":0,"unsigned":false},"scheduledTransactionId":null,"serials":[],"duplicates":[],"children":[]}},"msg":"receipt for transaction 0.0.3542860@1677251698.837757692 contained error status SPENDER_DOES_NOT_HAVE_ALLOWANCE"}
{"level":30,"time":1677251836738,"pid":64883,"hostname":"ibm16.local","name":"hg-demo","msg":"the account balance for sender 0.0.3563220 is 989.87188971 ℏ"}
{"level":30,"time":1677251837112,"pid":64883,"hostname":"ibm16.local","name":"hg-demo","msg":"the account balance for reciever 0.0.3563220 is 989.87188971 ℏ"}
{"level":30,"time":1677251837522,"pid":64883,"hostname":"ibm16.local","name":"hg-demo","msg":"the account balance for sender 0.0.3563220 is 989.87188971 ℏ"}
{"level":30,"time":1677251837971,"pid":64883,"hostname":"ibm16.local","name":"hg-demo","msg":"the account balance for reciever 0.0.3563222 is 1000 ℏ"}
{"level":50,"time":1677251839338,"pid":64883,"hostname":"ibm16.local","name":"hg-demo","err":{"type":"ReceiptStatusError","message":"receipt for transaction 0.0.3542860@1677251828.393948654 contained error status SPENDER_DOES_NOT_HAVE_ALLOWANCE","stack":"StatusError: receipt for transaction 0.0.3542860@1677251828.393948654 contained error status SPENDER_DOES_NOT_HAVE_ALLOWANCE\n    at new ReceiptStatusError (/Users/stanislavjakuschevskij/Dev/_/edu/blockchain/hedera-hashgraph/chhd-exam/node_modules/@hashgraph/sdk/lib/ReceiptStatusError.cjs:43:5)\n    at TransactionReceiptQuery._mapStatusError (/Users/stanislavjakuschevskij/Dev/_/edu/blockchain/hedera-hashgraph/chhd-exam/node_modules/@hashgraph/sdk/lib/transaction/TransactionReceiptQuery.cjs:273:12)\n    at TransactionReceiptQuery.execute (/Users/stanislavjakuschevskij/Dev/_/edu/blockchain/hedera-hashgraph/chhd-exam/node_modules/@hashgraph/sdk/lib/Executable.cjs:644:22)\n    at processTicksAndRejections (node:internal/process/task_queues:95:5)\n    at async TransactionResponse.getReceipt (/Users/stanislavjakuschevskij/Dev/_/edu/blockchain/hedera-hashgraph/chhd-exam/node_modules/@hashgraph/sdk/lib/transaction/TransactionResponse.cjs:88:21)\n    at async Function.transfer20HbarToAcc3 (/Users/stanislavjakuschevskij/Dev/_/edu/blockchain/hedera-hashgraph/chhd-exam/src/use-cases/multi.sig.use.cases.ts:43:21)","name":"StatusError","status":{"_code":292},"transactionId":{"accountId":{"shard":{"low":0,"high":0,"unsigned":false},"realm":{"low":0,"high":0,"unsigned":false},"num":{"low":3542860,"high":0,"unsigned":false},"aliasKey":null,"aliasEvmAddress":null,"_checksum":null},"validStart":{"seconds":{"low":1677251828,"high":0,"unsigned":false},"nanos":{"low":393948654,"high":0,"unsigned":false}},"scheduled":false,"nonce":null},"transactionReceipt":{"status":{"_code":292},"accountId":null,"fileId":null,"contractId":null,"topicId":null,"tokenId":null,"scheduleId":null,"exchangeRate":{"hbars":30000,"cents":237732,"expirationTime":"2023-02-24T16:00:00.000Z","exchangeRateInCents":7.9244},"topicSequenceNumber":{"low":0,"high":0,"unsigned":false},"topicRunningHash":{},"totalSupply":{"low":0,"high":0,"unsigned":false},"scheduledTransactionId":null,"serials":[],"duplicates":[],"children":[]}},"msg":"receipt for transaction 0.0.3542860@1677251828.393948654 contained error status SPENDER_DOES_NOT_HAVE_ALLOWANCE"}
{"level":30,"time":1677251851897,"pid":64923,"hostname":"ibm16.local","name":"hg-demo","msg":"the account balance for sender 0.0.3563220 is 989.87188971 ℏ"}
{"level":30,"time":1677251852296,"pid":64923,"hostname":"ibm16.local","name":"hg-demo","msg":"the account balance for reciever 0.0.3563220 is 989.87188971 ℏ"}
{"level":30,"time":1677251852674,"pid":64923,"hostname":"ibm16.local","name":"hg-demo","msg":"the account balance for sender 0.0.3563220 is 989.87188971 ℏ"}
{"level":30,"time":1677251853077,"pid":64923,"hostname":"ibm16.local","name":"hg-demo","msg":"the account balance for reciever 0.0.3563222 is 1000 ℏ"}
{"level":50,"time":1677251854708,"pid":64923,"hostname":"ibm16.local","name":"hg-demo","err":{"type":"ReceiptStatusError","message":"receipt for transaction 0.0.3542860@1677251843.214153468 contained error status SPENDER_DOES_NOT_HAVE_ALLOWANCE","stack":"StatusError: receipt for transaction 0.0.3542860@1677251843.214153468 contained error status SPENDER_DOES_NOT_HAVE_ALLOWANCE\n    at new ReceiptStatusError (/Users/stanislavjakuschevskij/Dev/_/edu/blockchain/hedera-hashgraph/chhd-exam/node_modules/@hashgraph/sdk/lib/ReceiptStatusError.cjs:43:5)\n    at TransactionReceiptQuery._mapStatusError (/Users/stanislavjakuschevskij/Dev/_/edu/blockchain/hedera-hashgraph/chhd-exam/node_modules/@hashgraph/sdk/lib/transaction/TransactionReceiptQuery.cjs:273:12)\n    at TransactionReceiptQuery.execute (/Users/stanislavjakuschevskij/Dev/_/edu/blockchain/hedera-hashgraph/chhd-exam/node_modules/@hashgraph/sdk/lib/Executable.cjs:644:22)\n    at processTicksAndRejections (node:internal/process/task_queues:95:5)\n    at async TransactionResponse.getReceipt (/Users/stanislavjakuschevskij/Dev/_/edu/blockchain/hedera-hashgraph/chhd-exam/node_modules/@hashgraph/sdk/lib/transaction/TransactionResponse.cjs:88:21)\n    at async Function.transfer20HbarToAcc3 (/Users/stanislavjakuschevskij/Dev/_/edu/blockchain/hedera-hashgraph/chhd-exam/src/use-cases/multi.sig.use.cases.ts:43:21)","name":"StatusError","status":{"_code":292},"transactionId":{"accountId":{"shard":{"low":0,"high":0,"unsigned":false},"realm":{"low":0,"high":0,"unsigned":false},"num":{"low":3542860,"high":0,"unsigned":false},"aliasKey":null,"aliasEvmAddress":null,"_checksum":null},"validStart":{"seconds":{"low":1677251843,"high":0,"unsigned":false},"nanos":{"low":214153468,"high":0,"unsigned":false}},"scheduled":false,"nonce":null},"transactionReceipt":{"status":{"_code":292},"accountId":null,"fileId":null,"contractId":null,"topicId":null,"tokenId":null,"scheduleId":null,"exchangeRate":{"hbars":30000,"cents":237732,"expirationTime":"2023-02-24T16:00:00.000Z","exchangeRateInCents":7.9244},"topicSequenceNumber":{"low":0,"high":0,"unsigned":false},"topicRunningHash":{},"totalSupply":{"low":0,"high":0,"unsigned":false},"scheduledTransactionId":null,"serials":[],"duplicates":[],"children":[]}},"msg":"receipt for transaction 0.0.3542860@1677251843.214153468 contained error status SPENDER_DOES_NOT_HAVE_ALLOWANCE"}
{"level":30,"time":1677251954819,"pid":64979,"hostname":"ibm16.local","name":"hg-demo","msg":"the account balance for sender 0.0.3563220 is 989.87188971 ℏ"}
{"level":30,"time":1677251955268,"pid":64979,"hostname":"ibm16.local","name":"hg-demo","msg":"the account balance for reciever 0.0.3563220 is 989.87188971 ℏ"}
{"level":30,"time":1677251955762,"pid":64979,"hostname":"ibm16.local","name":"hg-demo","msg":"the account balance for sender 0.0.3563220 is 989.87188971 ℏ"}
{"level":30,"time":1677251956278,"pid":64979,"hostname":"ibm16.local","name":"hg-demo","msg":"the account balance for reciever 0.0.3563222 is 1000 ℏ"}
{"level":50,"time":1677251957702,"pid":64979,"hostname":"ibm16.local","name":"hg-demo","err":{"type":"ReceiptStatusError","message":"receipt for transaction 0.0.3542860@1677251946.567643821 contained error status SPENDER_DOES_NOT_HAVE_ALLOWANCE","stack":"StatusError: receipt for transaction 0.0.3542860@1677251946.567643821 contained error status SPENDER_DOES_NOT_HAVE_ALLOWANCE\n    at new ReceiptStatusError (/Users/stanislavjakuschevskij/Dev/_/edu/blockchain/hedera-hashgraph/chhd-exam/node_modules/@hashgraph/sdk/lib/ReceiptStatusError.cjs:43:5)\n    at TransactionReceiptQuery._mapStatusError (/Users/stanislavjakuschevskij/Dev/_/edu/blockchain/hedera-hashgraph/chhd-exam/node_modules/@hashgraph/sdk/lib/transaction/TransactionReceiptQuery.cjs:273:12)\n    at TransactionReceiptQuery.execute (/Users/stanislavjakuschevskij/Dev/_/edu/blockchain/hedera-hashgraph/chhd-exam/node_modules/@hashgraph/sdk/lib/Executable.cjs:644:22)\n    at processTicksAndRejections (node:internal/process/task_queues:95:5)\n    at async TransactionResponse.getReceipt (/Users/stanislavjakuschevskij/Dev/_/edu/blockchain/hedera-hashgraph/chhd-exam/node_modules/@hashgraph/sdk/lib/transaction/TransactionResponse.cjs:88:21)\n    at async Function.transfer20HbarToAcc3 (/Users/stanislavjakuschevskij/Dev/_/edu/blockchain/hedera-hashgraph/chhd-exam/src/use-cases/multi.sig.use.cases.ts:43:21)","name":"StatusError","status":{"_code":292},"transactionId":{"accountId":{"shard":{"low":0,"high":0,"unsigned":false},"realm":{"low":0,"high":0,"unsigned":false},"num":{"low":3542860,"high":0,"unsigned":false},"aliasKey":null,"aliasEvmAddress":null,"_checksum":null},"validStart":{"seconds":{"low":1677251946,"high":0,"unsigned":false},"nanos":{"low":567643821,"high":0,"unsigned":false}},"scheduled":false,"nonce":null},"transactionReceipt":{"status":{"_code":292},"accountId":null,"fileId":null,"contractId":null,"topicId":null,"tokenId":null,"scheduleId":null,"exchangeRate":{"hbars":30000,"cents":237732,"expirationTime":"2023-02-24T16:00:00.000Z","exchangeRateInCents":7.9244},"topicSequenceNumber":{"low":0,"high":0,"unsigned":false},"topicRunningHash":{},"totalSupply":{"low":0,"high":0,"unsigned":false},"scheduledTransactionId":null,"serials":[],"duplicates":[],"children":[]}},"msg":"receipt for transaction 0.0.3542860@1677251946.567643821 contained error status SPENDER_DOES_NOT_HAVE_ALLOWANCE"}
